***** 2022/12/09 15:45:29 *****
QE Version                                        :3.1.0.v20220401-0732
Project Path                                      :C:\Users\a5126135\Dev\wow\wow_demo_rltos
Configuration File                                :wow_demo_rltos
IDE                                               :e2 studio with Emulator
Emulator                                          :COM Port
MCU                                               :RL78G23 R7F100GSNxFB
<< METHOD 0 >>
[Button(self) 0]
TS                                                : TS10,

<<<< Tuning Type : Normal >>>>
System Clock Frequency (MHz)                      :32.000
PCLKB Frequency (MHz)                             :32.000
CTSU Operating Frequency (MHz)                    :32.000
Operating Voltage (V)                             :2.700

---------- Phase1 ----------
<< METHOD 0 >>
[TS10]
Count Value                                       : 891
Resistance Value (ohm)                            : 560
Parasitic Capacitance (pF)                        : 6.1875
Sensor Drive Pulse Frequency (MHz)                : 4.0


---------- Phase2 ----------
<< METHOD 0 >>
[TS10]
Sensor Drive Pulse Frequency (MHz)                : 4.0
CTSUSNUM                                          : 15
CTSUSDPA                                          : 3
CTSUSO                                            : 146


---------- Phase3 ----------
<< METHOD 0 >>
[Button(self) 0]
  << TS10 >>
  Count Value (Off)                               : 15310
  Count Value (On)                                : 21314
  Threshold                                       : 3602
  Hysteresis                                      : 180

